<?xml version="1.0" encoding="UTF-8"?>
<!-- Generated by org.testng.reporters.JUnitReportReporter -->
<testsuite hostname="Suraj-9693" name="com.qa.Finaltest.VtigerGeneric" tests="5" failures="0" timestamp="29 Mar 2018 22:32:52 GMT" time="49.250" errors="0">
  <testcase name="vtigerTest" time="27.867" classname="com.qa.Finaltest.VtigerGeneric"/>
  <testcase name="vtigerTest" time="6.706" classname="com.qa.Finaltest.VtigerGeneric"/>
  <testcase name="vtigerTest" time="4.853" classname="com.qa.Finaltest.VtigerGeneric"/>
  <testcase name="vtigerTest" time="4.887" classname="com.qa.Finaltest.VtigerGeneric"/>
  <testcase name="vtigerTest" time="4.937" classname="com.qa.Finaltest.VtigerGeneric"/>
</testsuite> <!-- com.qa.Finaltest.VtigerGeneric -->
