<?xml version="1.0" encoding="UTF-8"?>
<!-- Generated by org.testng.reporters.JUnitReportReporter -->
<testsuite hostname="Suraj-9693" name="com.qa.Finaltest.Test1" tests="2" failures="0" timestamp="29 Mar 2018 20:56:41 GMT" time="85.834" errors="0">
  <testcase name="BTest" time="57.217" classname="com.qa.Finaltest.Test1"/>
  <testcase name="ATest" time="28.617" classname="com.qa.Finaltest.Test1"/>
</testsuite> <!-- com.qa.Finaltest.Test1 -->
