<?xml version="1.0" encoding="UTF-8"?>
<!-- Generated by org.testng.reporters.JUnitReportReporter -->
<testsuite hostname="Suraj-9693" name="com.qa.Finaltest.Test2" tests="2" failures="0" timestamp="29 Mar 2018 20:56:41 GMT" time="42.129" errors="0">
  <testcase name="DTest" time="20.476" classname="com.qa.Finaltest.Test2"/>
  <testcase name="CTest" time="21.653" classname="com.qa.Finaltest.Test2"/>
</testsuite> <!-- com.qa.Finaltest.Test2 -->
