<?xml version="1.0" encoding="UTF-8"?>
<!-- Generated by org.testng.reporters.JUnitReportReporter -->
<testsuite hostname="Suraj-9693" name="com.qa.Finaltest.Test1" tests="2" failures="0" timestamp="3 Apr 2018 17:51:02 GMT" time="31.789" errors="0">
  <testcase name="BTest" time="29.254" classname="com.qa.Finaltest.Test1"/>
  <testcase name="ATest" time="2.535" classname="com.qa.Finaltest.Test1"/>
</testsuite> <!-- com.qa.Finaltest.Test1 -->
