<?xml version="1.0" encoding="UTF-8"?>
<!-- Generated by org.testng.reporters.JUnitReportReporter -->
<testsuite hostname="Suraj-9693" name="com.qa.Finaltest.Test2" tests="2" failures="0" timestamp="3 Apr 2018 17:51:02 GMT" time="6.209" errors="0">
  <testcase name="CTest" time="4.577" classname="com.qa.Finaltest.Test2"/>
  <testcase name="DTest" time="1.632" classname="com.qa.Finaltest.Test2"/>
</testsuite> <!-- com.qa.Finaltest.Test2 -->
