<?xml version="1.0" encoding="UTF-8"?>
<!-- Generated by org.testng.reporters.JUnitReportReporter -->
<testsuite hostname="Suraj-9693" name="com.qa.Finaltest.Test2" tests="2" failures="0" timestamp="3 Apr 2018 21:05:25 GMT" time="4.776" errors="0">
  <testcase name="DTest" time="1.837" classname="com.qa.Finaltest.Test2"/>
  <testcase name="CTest" time="2.939" classname="com.qa.Finaltest.Test2"/>
</testsuite> <!-- com.qa.Finaltest.Test2 -->
