<?xml version="1.0" encoding="UTF-8"?>
<!-- Generated by org.testng.reporters.JUnitReportReporter -->
<testsuite hostname="Suraj-9693" name="com.qa.Finaltest.Test1" tests="2" failures="0" timestamp="3 Apr 2018 21:05:25 GMT" time="46.559" errors="0">
  <testcase name="BTest" time="44.541" classname="com.qa.Finaltest.Test1"/>
  <testcase name="ATest" time="2.018" classname="com.qa.Finaltest.Test1"/>
</testsuite> <!-- com.qa.Finaltest.Test1 -->
