<?xml version="1.0" encoding="UTF-8"?>
<!-- Generated by org.testng.reporters.JUnitReportReporter -->
<testsuite hostname="Suraj-9693" name="com.qa.Finaltest.VtigerGeneric" tests="5" failures="0" timestamp="3 Apr 2018 17:51:02 GMT" time="70.064" errors="0">
  <testcase name="vtigerTest" time="40.544" classname="com.qa.Finaltest.VtigerGeneric"/>
  <testcase name="vtigerTest" time="5.018" classname="com.qa.Finaltest.VtigerGeneric"/>
  <testcase name="vtigerTest" time="14.318" classname="com.qa.Finaltest.VtigerGeneric"/>
  <testcase name="vtigerTest" time="5.061" classname="com.qa.Finaltest.VtigerGeneric"/>
  <testcase name="vtigerTest" time="5.123" classname="com.qa.Finaltest.VtigerGeneric"/>
</testsuite> <!-- com.qa.Finaltest.VtigerGeneric -->
