<?xml version="1.0" encoding="UTF-8"?>
<!-- Generated by org.testng.reporters.JUnitReportReporter -->
<testsuite hostname="Suraj-9693" name="com.qa.Finaltest.VtigerGeneric" tests="5" failures="0" timestamp="3 Apr 2018 21:05:25 GMT" time="77.079" errors="0">
  <testcase name="vtigerTest" time="40.115" classname="com.qa.Finaltest.VtigerGeneric"/>
  <testcase name="vtigerTest" time="5.053" classname="com.qa.Finaltest.VtigerGeneric"/>
  <testcase name="vtigerTest" time="18.754" classname="com.qa.Finaltest.VtigerGeneric"/>
  <testcase name="vtigerTest" time="5.722" classname="com.qa.Finaltest.VtigerGeneric"/>
  <testcase name="vtigerTest" time="7.435" classname="com.qa.Finaltest.VtigerGeneric"/>
</testsuite> <!-- com.qa.Finaltest.VtigerGeneric -->
